<?xml version="1.0" encoding="UTF-8"?>
<!-- Generated by org.testng.reporters.JUnitReportReporter -->
<testsuite hostname="DESKTOP-KPHMMFU" failures="0" tests="2" name="com.PageObjectModel.testcases.LoginPageTest" time="4.817" errors="0" timestamp="02 May 2022 17:34:18 GMT" skipped="0">
  <testcase classname="com.PageObjectModel.testcases.LoginPageTest" name="loginPageTitleTest" time="0.030"/>
  <testcase classname="com.PageObjectModel.testcases.LoginPageTest" name="logintest" time="4.787"/>
</testsuite> <!-- com.PageObjectModel.testcases.LoginPageTest -->
