<?xml version="1.0" encoding="UTF-8"?>
<!-- Generated by org.testng.reporters.JUnitReportReporter -->
<testsuite hostname="DESKTOP-KPHMMFU" failures="0" tests="1" name="com.PageObjectModel.testcases.HomePageTest" time="8.405" errors="0" timestamp="02 May 2022 07:49:11 GMT" skipped="0">
  <testcase classname="com.PageObjectModel.testcases.HomePageTest" name="verifyHomePagetitleTest" time="8.405"/>
</testsuite> <!-- com.PageObjectModel.testcases.HomePageTest -->
