<?xml version="1.0" encoding="UTF-8"?>
<!-- Generated by org.testng.reporters.JUnitReportReporter -->
<testsuite hostname="DESKTOP-KPHMMFU" failures="0" tests="2" name="com.PageObjectModel.testcases.LoginPageTest" time="6.592" errors="0" timestamp="02 May 2022 07:49:11 GMT" skipped="0">
  <testcase classname="com.PageObjectModel.testcases.LoginPageTest" name="loginPageTitleTest" time="0.027"/>
  <testcase classname="com.PageObjectModel.testcases.LoginPageTest" name="logintest" time="6.565"/>
</testsuite> <!-- com.PageObjectModel.testcases.LoginPageTest -->
