<?xml version="1.0" encoding="UTF-8"?>
<!-- Generated by org.testng.reporters.JUnitReportReporter -->
<testsuite hostname="DESKTOP-KPHMMFU" failures="0" tests="3" name="com.PageObjectModel.testcases.HomePageTest" time="15.122" errors="0" timestamp="02 May 2022 17:34:18 GMT" skipped="0">
  <testcase classname="com.PageObjectModel.testcases.HomePageTest" name="verifyHomePagetitleTest" time="12.534"/>
  <testcase classname="com.PageObjectModel.testcases.HomePageTest" name="VerifyUserNameTest" time="1.729"/>
  <testcase classname="com.PageObjectModel.testcases.HomePageTest" name="clickonContactsPageTest" time="0.859"/>
</testsuite> <!-- com.PageObjectModel.testcases.HomePageTest -->
